<?xml version="1.0" encoding="UTF-8"?>
<robot generator="Robot 7.1.1 (Python 3.12.7 on darwin)" generated="2025-02-16T02:37:41.560336" rpa="false" schemaversion="5">
<suite id="s1" name="Form Test" source="/Users/Neko/Desktop/Desktop - MacBook Pro/DevOps/week6/tests/form_test.robot">
<test id="s1-t1" name="Fill Form" line="5">
<kw name="Open Browser" owner="SeleniumLibrary">
<msg time="2025-02-16T02:37:41.676297" level="INFO">Opening browser 'chrome' to base url 'https://formy-project.herokuapp.com/form'.</msg>
<arg>https://formy-project.herokuapp.com/form</arg>
<arg>chrome</arg>
<doc>Opens a new browser instance to the optional ``url``.</doc>
<status status="PASS" start="2025-02-16T02:37:41.676134" elapsed="3.728852"/>
</kw>
<kw name="Input Text" owner="SeleniumLibrary">
<msg time="2025-02-16T02:37:45.405916" level="INFO">Typing text 'John' into text field 'id=first-name'.</msg>
<arg>id=first-name</arg>
<arg>John</arg>
<doc>Types the given ``text`` into the text field identified by ``locator``.</doc>
<status status="PASS" start="2025-02-16T02:37:45.405552" elapsed="0.129409"/>
</kw>
<kw name="Input Text" owner="SeleniumLibrary">
<msg time="2025-02-16T02:37:45.535308" level="INFO">Typing text 'Doe' into text field 'id=last-name'.</msg>
<arg>id=last-name</arg>
<arg>Doe</arg>
<doc>Types the given ``text`` into the text field identified by ``locator``.</doc>
<status status="PASS" start="2025-02-16T02:37:45.535151" elapsed="0.049335"/>
</kw>
<kw name="Input Text" owner="SeleniumLibrary">
<msg time="2025-02-16T02:37:45.584826" level="INFO">Typing text 'QA Engineer' into text field 'id=job-title'.</msg>
<arg>id=job-title</arg>
<arg>QA Engineer</arg>
<doc>Types the given ``text`` into the text field identified by ``locator``.</doc>
<status status="PASS" start="2025-02-16T02:37:45.584665" elapsed="0.050125"/>
</kw>
<kw name="Click Element" owner="SeleniumLibrary">
<msg time="2025-02-16T02:37:45.635136" level="INFO">Clicking element 'xpath=//input[@id="radio-button-2"]'.</msg>
<arg>xpath=//input[@id="radio-button-2"]</arg>
<doc>Click the element identified by ``locator``.</doc>
<status status="PASS" start="2025-02-16T02:37:45.634996" elapsed="0.043704"/>
</kw>
<kw name="Click Element" owner="SeleniumLibrary">
<msg time="2025-02-16T02:37:45.679036" level="INFO">Clicking element 'xpath=//input[@id="checkbox-1"]'.</msg>
<arg>xpath=//input[@id="checkbox-1"]</arg>
<doc>Click the element identified by ``locator``.</doc>
<status status="PASS" start="2025-02-16T02:37:45.678895" elapsed="0.037005"/>
</kw>
<kw name="Select From List By Label" owner="SeleniumLibrary">
<msg time="2025-02-16T02:37:45.716231" level="INFO">Selecting options from selection list 'id=select-menu' by label Option 3.</msg>
<msg time="2025-02-16T02:37:45.900590" level="INFO" html="true">&lt;/td&gt;&lt;/tr&gt;&lt;tr&gt;&lt;td colspan="3"&gt;&lt;a href="selenium-screenshot-3.png"&gt;&lt;img src="selenium-screenshot-3.png" width="800px"&gt;&lt;/a&gt;</msg>
<msg time="2025-02-16T02:37:45.900750" level="FAIL">NoSuchElementException: Message: Could not locate element with visible text: Option 3; For documentation on this error, please visit: https://www.selenium.dev/documentation/webdriver/troubleshooting/errors#no-such-element-exception
</msg>
<arg>id=select-menu</arg>
<arg>Option 3</arg>
<doc>Selects options from selection list ``locator`` by ``labels``.</doc>
<status status="FAIL" start="2025-02-16T02:37:45.716080" elapsed="0.186850">NoSuchElementException: Message: Could not locate element with visible text: Option 3; For documentation on this error, please visit: https://www.selenium.dev/documentation/webdriver/troubleshooting/errors#no-such-element-exception
</status>
</kw>
<kw name="Click Button" owner="SeleniumLibrary">
<arg>xpath=//button[@type='submit']</arg>
<doc>Clicks the button identified by ``locator``.</doc>
<status status="NOT RUN" start="2025-02-16T02:37:45.903122" elapsed="0.000029"/>
</kw>
<kw name="Sleep" owner="BuiltIn">
<arg>3s</arg>
<doc>Pauses the test executed for the given time.</doc>
<status status="NOT RUN" start="2025-02-16T02:37:45.903240" elapsed="0.000015"/>
</kw>
<kw name="Close Browser" owner="SeleniumLibrary">
<doc>Closes the current browser.</doc>
<status status="NOT RUN" start="2025-02-16T02:37:45.903333" elapsed="0.000013"/>
</kw>
<status status="FAIL" start="2025-02-16T02:37:41.675508" elapsed="4.227982">NoSuchElementException: Message: Could not locate element with visible text: Option 3; For documentation on this error, please visit: https://www.selenium.dev/documentation/webdriver/troubleshooting/errors#no-such-element-exception
</status>
</test>
<status status="FAIL" start="2025-02-16T02:37:41.561205" elapsed="4.342581"/>
</suite>
<statistics>
<total>
<stat pass="0" fail="1" skip="0">All Tests</stat>
</total>
<tag>
</tag>
<suite>
<stat pass="0" fail="1" skip="0" id="s1" name="Form Test">Form Test</stat>
</suite>
</statistics>
<errors>
</errors>
</robot>
